[22:12:56] [ServerMain/INFO]: [bootstrap] Running Java 21 (OpenJDK 64-Bit Server VM 21.0.5+11-Ubuntu-1ubuntu120.04; Ubuntu null) on Linux 6.5.0-1025-azure (amd64)
[22:12:56] [ServerMain/INFO]: [bootstrap] Loading Paper 1.21.1-57-master@b483da4 (2024-09-01T18:09:05Z) for Minecraft 1.21.1
[22:12:56] [ServerMain/INFO]: [PluginInitializerManager] Initializing plugins...
[22:12:56] [Paper Plugin Remapper Thread - 2/INFO]: [PluginRemapper] Remapping plugin 'plugins/SimpleTpa.jar'...
[22:12:56] [Paper Plugin Remapper Thread - 2/INFO]: [PluginRemapper] Done remapping plugin 'plugins/SimpleTpa.jar' in 519ms.
[22:12:57] [ServerMain/INFO]: [PluginInitializerManager] Initialized 1 plugin
[22:12:57] [ServerMain/INFO]: [PluginInitializerManager] Bukkit plugins (1):
 - SimpleTpa (7.4)
[22:13:01] [ServerMain/INFO]: Environment: Environment[sessionHost=https://sessionserver.mojang.com, servicesHost=https://api.minecraftservices.com, name=PROD]
[22:13:02] [ServerMain/INFO]: Loaded 1290 recipes
[22:13:02] [ServerMain/INFO]: Loaded 1399 advancements
[22:13:03] [Server thread/INFO]: Starting minecraft server version 1.21.1
[22:13:03] [Server thread/INFO]: Loading properties
[22:13:03] [Server thread/INFO]: This server is running Paper version 1.21.1-57-master@b483da4 (2024-09-01T18:09:05Z) (Implementing API version 1.21.1-R0.1-SNAPSHOT)
[22:13:03] [Server thread/INFO]: [spark] This server bundles the spark profiler. For more information please visit https://docs.papermc.io/paper/profiling
[22:13:03] [Server thread/INFO]: Server Ping Player Sample Count: 12
[22:13:03] [Server thread/INFO]: Using 4 threads for Netty based IO
[22:13:04] [Server thread/INFO]: [ChunkTaskScheduler] Chunk system is using 1 I/O threads, 1 worker threads, and population gen parallelism of 1 threads
[22:13:04] [Server thread/INFO]: Default game type: SURVIVAL
[22:13:04] [Server thread/INFO]: Generating keypair
[22:13:05] [Server thread/INFO]: Starting Minecraft server on *:25565
[22:13:05] [Server thread/INFO]: Using epoll channel type
[22:13:05] [Server thread/INFO]: Paper: Using libdeflate (Linux x86_64) compression from Velocity.
[22:13:05] [Server thread/INFO]: Paper: Using OpenSSL 1.1.x (Linux x86_64) cipher from Velocity.
[22:13:05] [Server thread/INFO]: [SimpleTpa] Loading server plugin SimpleTpa v7.4
[22:13:05] [Server thread/INFO]: Server permissions file permissions.yml is empty, ignoring it
[22:13:05] [Server thread/WARN]: **** SERVER IS RUNNING IN OFFLINE/INSECURE MODE!
[22:13:05] [Server thread/WARN]: The server will make no attempt to authenticate usernames. Beware.
[22:13:05] [Server thread/WARN]: While this makes the game possible to play without internet access, it also opens up the ability for hackers to connect with any username they choose.
[22:13:05] [Server thread/WARN]: To change this, set "online-mode" to "true" in the server.properties file.
[22:13:05] [Server thread/INFO]: Preparing level "world"
[22:13:05] [Server thread/INFO]: Preparing start region for dimension minecraft:overworld
[22:13:07] [Server thread/INFO]: Time elapsed: 1871 ms
[22:13:07] [Server thread/INFO]: Preparing start region for dimension minecraft:the_nether
[22:13:07] [Server thread/INFO]: Time elapsed: 227 ms
[22:13:07] [Server thread/INFO]: Preparing start region for dimension minecraft:the_end
[22:13:07] [Server thread/INFO]: Time elapsed: 98 ms
[22:13:07] [Server thread/INFO]: [SimpleTpa] Enabling SimpleTpa v7.4
[22:13:07] [Server thread/INFO]: [SimpleTpa] If you need support contact me at https://discord.gg/SZUkza9
[22:13:07] [Server thread/INFO]: [SimpleTpa] Simple Tpa has been enabled on version 7.4
[22:13:08] [Server thread/INFO]: Enabled metrics. You may opt-out by changing plugins/bStats/config.yml
[22:13:08] [Server thread/INFO]: [spark] Starting background profiler...
[22:13:08] [Server thread/INFO]: Done preparing level "world" (3.132s)
[22:13:08] [Server thread/INFO]: Running delayed init tasks
[22:13:08] [Server thread/INFO]: Done (13.038s)! For help, type "help"
[22:13:08] [Server thread/INFO]: Timings Reset
[22:13:42] [Server thread/INFO]: [SimpleTpa] Console can't use SimpleTpa!
[22:13:49] [Server thread/INFO]: Server Plugins (1):
[22:13:49] [Server thread/INFO]: Bukkit Plugins:
[22:13:49] [Server thread/INFO]:  - SimpleTpa
[22:15:51] [User Authenticator #0/INFO]: UUID of player Yuh is 2a1e520b-142a-3fc8-a6c1-f77b8d4ad856
[22:15:54] [Server thread/INFO]: Yuh joined the game
[22:15:54] [Server thread/INFO]: Yuh[/127.180.173.57:45799] logged in with entity id 15 at ([world]6.5, 62.0, 9.5)
[22:16:05] [Server thread/INFO]: Yuh issued server command: /pl
[22:16:19] [Server thread/INFO]: Made Yuh a server operator
[22:16:24] [Server thread/INFO]: Yuh issued server command: /stop
[22:16:24] [Server thread/INFO]: [Yuh: Stopping the server]
[22:16:24] [Server thread/INFO]: Stopping server
[22:16:24] [Server thread/INFO]: [SimpleTpa] Disabling SimpleTpa v7.4
[22:16:24] [Server thread/INFO]: [SimpleTpa] If you need support contact me at https://discord.gg/SZUkza9
[22:16:24] [Server thread/INFO]: [SimpleTpa] Simple Tpa has been disabled on version 7.4
[22:16:24] [Server thread/INFO]: Saving players
[22:16:24] [Server thread/INFO]: Yuh lost connection: Server closed
[22:16:24] [Server thread/INFO]: Yuh left the game
[22:16:24] [Server thread/INFO]: Saving worlds
[22:16:24] [Server thread/INFO]: Saving chunks for level 'ServerLevel[world]'/minecraft:overworld
[22:16:24] [Server thread/INFO]: [ChunkHolderManager] Waiting 60s for chunk system to halt for world 'world'
[22:16:24] [Server thread/INFO]: [ChunkHolderManager] Halted chunk system for world 'world'
[22:16:24] [Server thread/INFO]: [ChunkHolderManager] Saving all chunkholders for world 'world'
[22:16:26] [Server thread/INFO]: [ChunkHolderManager] Saved 1989 block chunks, 319 entity chunks, 6 poi chunks in world 'world' in 1.79s
[22:16:26] [Server thread/INFO]: Saving chunks for level 'ServerLevel[world_nether]'/minecraft:the_nether
[22:16:26] [Server thread/INFO]: [ChunkHolderManager] Waiting 60s for chunk system to halt for world 'world_nether'
[22:16:26] [Server thread/INFO]: [ChunkHolderManager] Halted chunk system for world 'world_nether'
[22:16:26] [Server thread/INFO]: [ChunkHolderManager] Saving all chunkholders for world 'world_nether'
[22:16:26] [Server thread/INFO]: [ChunkHolderManager] Saved 49 block chunks, 49 entity chunks, 0 poi chunks in world 'world_nether' in 0.07s
[22:16:26] [Server thread/INFO]: Saving chunks for level 'ServerLevel[world_the_end]'/minecraft:the_end
[22:16:26] [Server thread/INFO]: [ChunkHolderManager] Waiting 60s for chunk system to halt for world 'world_the_end'
[22:16:26] [Server thread/INFO]: [ChunkHolderManager] Halted chunk system for world 'world_the_end'
[22:16:26] [Server thread/INFO]: [ChunkHolderManager] Saving all chunkholders for world 'world_the_end'
[22:16:26] [Server thread/INFO]: [ChunkHolderManager] Saved 49 block chunks, 49 entity chunks, 0 poi chunks in world 'world_the_end' in 0.03s
[22:16:26] [Server thread/INFO]: ThreadedAnvilChunkStorage (world): All chunks are saved
[22:16:26] [Server thread/INFO]: ThreadedAnvilChunkStorage (DIM-1): All chunks are saved
[22:16:26] [Server thread/INFO]: ThreadedAnvilChunkStorage (DIM1): All chunks are saved
[22:16:26] [Server thread/INFO]: ThreadedAnvilChunkStorage: All dimensions are saved
